[{"commit":{"message":"Add missing \"--add-opens jdk.jpackage\/jdk.jpackage.internal=ALL-UNNAMED\" to test desc. It fixes the following error:\n\n[22:09:20.347] TRACE: assertFalse(): Check [C:\\Program Files\\UpdateServiceTest\\foo.ico] path doesn't exist\n[22:09:20.375] [  FAILED  ] ServiceTest.testUpdate; checks=60\njava.lang.ExceptionInInitializerError\n        at jdk.jpackage.test.LauncherIconVerifier.applyTo(LauncherIconVerifier.java:70)\n        at jdk.jpackage.test.AdditionalLauncher.verifyIcon(AdditionalLauncher.java:298)\n        at jdk.jpackage.test.AdditionalLauncher.verify(AdditionalLauncher.java:363)\n        at jdk.jpackage.test.LauncherAsServiceVerifier$1.verify(LauncherAsServiceVerifier.java:261)\n        at jdk.jpackage.test.Functional$ThrowingConsumer.lambda$toConsumer$0(Functional.java:41)\n        at jdk.jpackage.test.PackageTest$Handler.lambda$verifyPackageInstalled$6(PackageTest.java:660)\n        at java.base\/java.util.ArrayList.forEach(ArrayList.java:1597)\n        at jdk.jpackage.test.PackageTest$Handler.verifyPackageInstalled(PackageTest.java:660)\n        at jdk.jpackage.test.PackageTest$Handler.accept(PackageTest.java:594)\n        at jdk.jpackage.test.PackageTest$2.accept(PackageTest.java:504)\n        at jdk.jpackage.test.PackageTest$2.accept(PackageTest.java:411)\n        at jdk.jpackage.test.Functional$ThrowingConsumer.lambda$toConsumer$0(Functional.java:41)\n        at java.base\/java.lang.Iterable.forEach(Iterable.java:75)\n        at jdk.jpackage.test.PackageTest$Group.lambda$runAction$0(PackageTest.java:364)\n        at java.base\/java.lang.Iterable.forEach(Iterable.java:75)\n        at jdk.jpackage.test.PackageTest$Group.runAction(PackageTest.java:364)\n        at java.base\/java.util.ArrayList.forEach(ArrayList.java:1597)\n        at jdk.jpackage.test.RunnablePackageTest.runActions(RunnablePackageTest.java:66)\n        at jdk.jpackage.test.RunnablePackageTest.run(RunnablePackageTest.java:58)\n        at ServiceTest.testUpdate(ServiceTest.java:132)\n        at java.base\/jdk.internal.reflect.DirectMethodHandleAccessor.invoke(DirectMethodHandleAccessor.java:103)\n        at java.base\/java.lang.reflect.Method.invoke(Method.java:580)\n        at jdk.jpackage.test.MethodCall.accept(MethodCall.java:145)\n        at jdk.jpackage.test.TestInstance.run(TestInstance.java:230)\n        at jdk.jpackage.test.TKit.lambda$ignoreExceptions$5(TKit.java:141)\n        at jdk.jpackage.test.TKit.lambda$runTests$3(TKit.java:126)\n        at java.base\/java.util.ArrayList$ArrayListSpliterator.forEachRemaining(ArrayList.java:1709)\n        at java.base\/java.util.stream.ReferencePipeline$Head.forEach(ReferencePipeline.java:807)\n        at jdk.jpackage.test.TKit.lambda$runTests$4(TKit.java:123)\n        at jdk.jpackage.test.Functional$ThrowingRunnable.lambda$toRunnable$0(Functional.java:105)\n        at jdk.jpackage.test.TKit.withExtraLogStream(TKit.java:105)\n        at jdk.jpackage.test.TKit.runTests(TKit.java:122)\n        at jdk.jpackage.test.Main.runTests(Main.java:79)\n        at jdk.jpackage.test.Main.lambda$main$2(Main.java:75)\n        at jdk.jpackage.test.Functional$ThrowingRunnable.lambda$toRunnable$0(Functional.java:105)\n        at jdk.jpackage.test.TKit.withExtraLogStream(TKit.java:109)\n        at jdk.jpackage.test.Main.main(Main.java:75)\n        at java.base\/jdk.internal.reflect.DirectMethodHandleAccessor.invoke(DirectMethodHandleAccessor.java:103)\n        at java.base\/java.lang.reflect.Method.invoke(Method.java:580)\n        at com.sun.javatest.regtest.agent.MainWrapper$MainTask.run(MainWrapper.java:138)\n        at java.base\/java.lang.Thread.run(Thread.java:1575)\nCaused by: java.lang.reflect.InaccessibleObjectException: Unable to make private static native long jdk.jpackage.internal.ExecutableRebrander.lockResource(java.lang.String) accessible: module jdk.jpackage does not \"opens jdk.jpackage.internal\" to unnamed module @3761e16e\n        at java.base\/java.lang.reflect.AccessibleObject.throwInaccessibleObjectException(AccessibleObject.java:388)\n        at java.base\/java.lang.reflect.AccessibleObject.checkCanSetAccessible(AccessibleObject.java:364)\n:"},"files":[{"filename":"test\/jdk\/tools\/jpackage\/share\/ServiceTest.java"}],"sha":"95524c463d18b418369b69ab09a8a4c0137d658b"}]